[debug] [2018-04-27T05:39:38.572Z] ----------------------------------------------------------------------
[debug] [2018-04-27T05:39:38.577Z] Command:       /usr/local/bin/node /Users/Avinash/.npm-global/bin/firebase serve
[debug] [2018-04-27T05:39:38.577Z] CLI Version:   3.18.4
[debug] [2018-04-27T05:39:38.577Z] Platform:      darwin
[debug] [2018-04-27T05:39:38.577Z] Node Version:  v9.0.0
[debug] [2018-04-27T05:39:38.578Z] Time:          Fri Apr 27 2018 01:39:38 GMT-0400 (EDT)
[debug] [2018-04-27T05:39:38.578Z] ----------------------------------------------------------------------
[debug] 
[debug] [2018-04-27T05:39:38.595Z] > command requires scopes: ["email","openid","https://www.googleapis.com/auth/cloudplatformprojects.readonly","https://www.googleapis.com/auth/firebase","https://www.googleapis.com/auth/cloud-platform"]
[debug] [2018-04-27T05:39:38.595Z] > authorizing via signed-in user
[debug] [2018-04-27T05:39:38.598Z] >>> HTTP REQUEST GET https://admin.firebase.com/v1/projects/r3mind-me  
  
 Fri Apr 27 2018 01:39:38 GMT-0400 (EDT)
[debug] [2018-04-27T05:39:38.869Z] <<< HTTP RESPONSE 200
[debug] [2018-04-27T05:39:38.873Z] >>> HTTP REQUEST GET https://admin.firebase.com/v1/database/r3mind-me/tokens  
  
 Fri Apr 27 2018 01:39:38 GMT-0400 (EDT)
[debug] [2018-04-27T05:39:39.154Z] <<< HTTP RESPONSE 200
[debug] [2018-04-27T05:39:39.156Z] >>> HTTP REQUEST GET https://cloudresourcemanager.googleapis.com/v1/projects/r3mind-me  
  
 Fri Apr 27 2018 01:39:39 GMT-0400 (EDT)
[debug] [2018-04-27T05:39:39.341Z] <<< HTTP RESPONSE 200
[info] 
[info] === Serving from '/Users/Avinash/Desktop/r3mind.me'...
[info] 
[info] i  functions: Preparing to emulate functions.
[debug] [2018-04-27T05:39:41.165Z] Fetching environment
[debug] [2018-04-27T05:39:41.169Z] >>> HTTP REQUEST GET https://mobilesdk-pa.googleapis.com/v1/projects/667296460770:getServerAppConfig  
  
 Fri Apr 27 2018 01:39:41 GMT-0400 (EDT)
[debug] [2018-04-27T05:39:41.170Z] >>> HTTP REQUEST GET https://mobilesdk-pa.googleapis.com/v1/projects/667296460770/clients/_:getWebAppConfig  
  
 Fri Apr 27 2018 01:39:41 GMT-0400 (EDT)
[debug] [2018-04-27T05:39:41.451Z] <<< HTTP RESPONSE 200
[debug] [2018-04-27T05:39:41.476Z] <<< HTTP RESPONSE 200
[debug] [2018-04-27T05:39:41.477Z] Starting @google-cloud/functions-emulator
[info] i  hosting: Serving hosting files from: public
[info] ✔  hosting: Local server: http://localhost:5000

[debug] [2018-04-27T05:39:44.062Z] Parsing function triggers
